<?xml version="1.0" encoding="UTF-8"?>
<!-- Generated by org.testng.reporters.JUnitXMLReporter -->
<testsuite hostname="PANKAJ-DELL" ignored="0" name="Grouping" tests="3" failures="0" timestamp="24 Nov 2020 21:08:50 GMT" time="68.657" errors="0">
  <testcase name="fnTest1" time="24.358" classname="auto.qa.test.JupiterTest"/>
  <testcase name="fnTest2" time="18.988" classname="auto.qa.test.JupiterTest"/>
  <testcase name="fnTest3" time="8.407" classname="auto.qa.test.JupiterTest"/>
</testsuite> <!-- Grouping -->
